<?xml version="1.0" encoding="UTF-8"?>
<!-- Generated by org.testng.reporters.JUnitReportReporter -->
<testsuite skipped="0" hostname="GYANESH-PC" name="com.qa.test.Tests_GET" tests="1" failures="0" timestamp="09 Jun 2020 15:22:08 GMT" time="5.066" errors="0">
  <testcase name="test" time="5.066" classname="com.qa.test.Tests_GET"/>
</testsuite> <!-- com.qa.test.Tests_GET -->
