<?xml version="1.0" encoding="UTF-8"?>
<!-- Generated by org.testng.reporters.JUnitReportReporter -->
<testsuite skipped="0" hostname="GYANESH-PC" name="com.qa.test.Test01_GET" tests="2" failures="0" timestamp="09 Jun 2020 12:39:32 GMT" time="6.275" errors="0">
  <testcase name="test01" time="3.852" classname="com.qa.test.Test01_GET"/>
  <testcase name="test_02" time="2.423" classname="com.qa.test.Test01_GET"/>
</testsuite> <!-- com.qa.test.Test01_GET -->
