<?xml version="1.0" encoding="UTF-8"?>
<!-- Generated by org.testng.reporters.JUnitReportReporter -->
<testsuite skipped="0" hostname="GYANESH-PC" name="com.qa.test.Examples" tests="1" failures="0" timestamp="10 Jun 2020 09:51:39 GMT" time="2.384" errors="0">
  <testcase name="test_Delete" time="2.384" classname="com.qa.test.Examples"/>
</testsuite> <!-- com.qa.test.Examples -->
