<?xml version="1.0" encoding="UTF-8"?>
<!-- Generated by org.testng.reporters.JUnitReportReporter -->
<testsuite skipped="0" hostname="GYANESH-PC" name="com.qa.test.Test_POST" tests="1" failures="0" timestamp="09 Jun 2020 15:48:55 GMT" time="4.235" errors="0">
  <testcase name="test_1_delete" time="4.235" classname="com.qa.test.Test_POST"/>
</testsuite> <!-- com.qa.test.Test_POST -->
